<?xml version="1.0" encoding="UTF-8"?>
<!-- Generated by org.testng.reporters.JUnitReportReporter -->
<testsuite hostname="DESKTOP-O1RHDTI" failures="0" tests="1" name="com.Egrlizz.projectTest.SampleTest2" time="0.016" errors="0" timestamp="30 May 2022 09:52:43 GMT" skipped="0">
  <testcase classname="com.Egrlizz.projectTest.SampleTest2" name="createEgrlizzTest" time="0.016"/>
</testsuite> <!-- com.Egrlizz.projectTest.SampleTest2 -->
